<?xml version="1.0" encoding="UTF-8"?>
<testng-results ignored="0" total="3" passed="3" failed="0" skipped="0">
  <reporter-output>
  </reporter-output>
  <suite started-at="2022-09-24T21:49:56 IST" name="Suite" finished-at="2022-09-24T21:50:12 IST" duration-ms="16673">
    <groups>
    </groups>
    <test started-at="2022-09-24T21:49:56 IST" name="Test" finished-at="2022-09-24T21:50:12 IST" duration-ms="16673">
      <class name="Test.HomePageTest">
        <test-method is-config="true" signature="initSetup()[pri:0, instance:Test.HomePageTest@2ed2d9cb]" started-at="2022-09-24T21:49:53 IST" name="initSetup" finished-at="2022-09-24T21:49:56 IST" duration-ms="3097" status="PASS">
          <reporter-output>
          </reporter-output>
        </test-method> <!-- initSetup -->
        <test-method is-config="true" signature="launchURL()[pri:0, instance:Test.HomePageTest@2ed2d9cb]" started-at="2022-09-24T21:49:56 IST" name="launchURL" finished-at="2022-09-24T21:50:06 IST" duration-ms="10326" status="PASS">
          <reporter-output>
          </reporter-output>
        </test-method> <!-- launchURL -->
        <test-method is-config="true" signature="initObjs()[pri:0, instance:Test.HomePageTest@2ed2d9cb]" started-at="2022-09-24T21:50:06 IST" name="initObjs" finished-at="2022-09-24T21:50:06 IST" duration-ms="51" status="PASS">
          <reporter-output>
          </reporter-output>
        </test-method> <!-- initObjs -->
        <test-method signature="urlTest()[pri:1, instance:Test.HomePageTest@2ed2d9cb]" started-at="2022-09-24T21:50:06 IST" name="urlTest" finished-at="2022-09-24T21:50:06 IST" duration-ms="310" status="PASS">
          <reporter-output>
          </reporter-output>
        </test-method> <!-- urlTest -->
        <test-method signature="logoTest()[pri:2, instance:Test.HomePageTest@2ed2d9cb]" started-at="2022-09-24T21:50:06 IST" name="logoTest" finished-at="2022-09-24T21:50:07 IST" duration-ms="227" status="PASS">
          <reporter-output>
          </reporter-output>
        </test-method> <!-- logoTest -->
        <test-method signature="searchFieldTest()[pri:3, instance:Test.HomePageTest@2ed2d9cb]" started-at="2022-09-24T21:50:07 IST" name="searchFieldTest" finished-at="2022-09-24T21:50:12 IST" duration-ms="5091" status="PASS">
          <reporter-output>
          </reporter-output>
        </test-method> <!-- searchFieldTest -->
        <test-method is-config="true" signature="closeBrowser()[pri:0, instance:Test.HomePageTest@2ed2d9cb]" started-at="2022-09-24T21:50:12 IST" name="closeBrowser" finished-at="2022-09-24T21:50:12 IST" duration-ms="593" status="PASS">
          <reporter-output>
          </reporter-output>
        </test-method> <!-- closeBrowser -->
      </class> <!-- Test.HomePageTest -->
    </test> <!-- Test -->
  </suite> <!-- Suite -->
</testng-results>
